{"C:\\Users\\salim\\OneDrive\\Desktop\\liskov\\lap3\\lap3project\\pokedoro\\server\\app.js": {"path":"C:\\Users\\salim\\OneDrive\\Desktop\\liskov\\lap3\\lap3project\\pokedoro\\server\\app.js","statementMap":{"0":{"start":{"line":1,"column":16},"end":{"line":1,"column":34}},"1":{"start":{"line":2,"column":13},"end":{"line":2,"column":28}},"2":{"start":{"line":3,"column":15},"end":{"line":3,"column":32}},"3":{"start":{"line":5,"column":12},"end":{"line":5,"column":21}},"4":{"start":{"line":7,"column":19},"end":{"line":7,"column":43}},"5":{"start":{"line":9,"column":0},"end":{"line":9,"column":16}},"6":{"start":{"line":10,"column":0},"end":{"line":10,"column":24}},"7":{"start":{"line":11,"column":0},"end":{"line":11,"column":23}},"8":{"start":{"line":14,"column":0},"end":{"line":19,"column":2}},"9":{"start":{"line":15,"column":4},"end":{"line":18,"column":6}},"10":{"start":{"line":22,"column":0},"end":{"line":22,"column":30}},"11":{"start":{"line":26,"column":0},"end":{"line":26,"column":21}}},"fnMap":{"0":{"name":"(anonymous_0)","decl":{"start":{"line":14,"column":13},"end":{"line":14,"column":14}},"loc":{"start":{"line":14,"column":27},"end":{"line":19,"column":1}},"line":14}},"branchMap":{},"s":{"0":1,"1":1,"2":1,"3":1,"4":1,"5":1,"6":1,"7":1,"8":1,"9":0,"10":1,"11":1},"f":{"0":0},"b":{},"_coverageSchema":"1a1c01bbd47fc00a2c39e90264f33305004495a9","hash":"1895ca77e97ba9576baec94a4a31d727cbd075b0"}
,"C:\\Users\\salim\\OneDrive\\Desktop\\liskov\\lap3\\lap3project\\pokedoro\\server\\controllers\\user.js": {"path":"C:\\Users\\salim\\OneDrive\\Desktop\\liskov\\lap3\\lap3project\\pokedoro\\server\\controllers\\user.js","statementMap":{"0":{"start":{"line":1,"column":15},"end":{"line":1,"column":32}},"1":{"start":{"line":2,"column":13},"end":{"line":2,"column":38}},"2":{"start":{"line":3,"column":14},"end":{"line":3,"column":40}},"3":{"start":{"line":6,"column":4},"end":{"line":14,"column":5}},"4":{"start":{"line":7,"column":19},"end":{"line":7,"column":27}},"5":{"start":{"line":8,"column":19},"end":{"line":8,"column":81}},"6":{"start":{"line":9,"column":6},"end":{"line":9,"column":69}},"7":{"start":{"line":10,"column":21},"end":{"line":10,"column":44}},"8":{"start":{"line":11,"column":6},"end":{"line":11,"column":35}},"9":{"start":{"line":13,"column":6},"end":{"line":13,"column":51}},"10":{"start":{"line":18,"column":0},"end":{"line":44,"column":1}},"11":{"start":{"line":19,"column":17},"end":{"line":19,"column":25}},"12":{"start":{"line":20,"column":4},"end":{"line":41,"column":5}},"13":{"start":{"line":22,"column":19},"end":{"line":22,"column":61}},"14":{"start":{"line":24,"column":28},"end":{"line":27,"column":7}},"15":{"start":{"line":29,"column":6},"end":{"line":38,"column":7}},"16":{"start":{"line":30,"column":8},"end":{"line":30,"column":50}},"17":{"start":{"line":33,"column":22},"end":{"line":33,"column":49}},"18":{"start":{"line":36,"column":8},"end":{"line":36,"column":84}},"19":{"start":{"line":40,"column":6},"end":{"line":40,"column":51}},"20":{"start":{"line":43,"column":4},"end":{"line":43,"column":55}},"21":{"start":{"line":49,"column":18},"end":{"line":49,"column":43}},"22":{"start":{"line":50,"column":4},"end":{"line":55,"column":5}},"23":{"start":{"line":51,"column":23},"end":{"line":51,"column":53}},"24":{"start":{"line":52,"column":6},"end":{"line":52,"column":50}},"25":{"start":{"line":54,"column":6},"end":{"line":54,"column":53}},"26":{"start":{"line":59,"column":4},"end":{"line":64,"column":5}},"27":{"start":{"line":60,"column":21},"end":{"line":60,"column":40}},"28":{"start":{"line":61,"column":8},"end":{"line":61,"column":35}},"29":{"start":{"line":63,"column":8},"end":{"line":63,"column":54}},"30":{"start":{"line":68,"column":4},"end":{"line":74,"column":5}},"31":{"start":{"line":69,"column":19},"end":{"line":69,"column":42}},"32":{"start":{"line":70,"column":21},"end":{"line":70,"column":50}},"33":{"start":{"line":71,"column":8},"end":{"line":71,"column":34}},"34":{"start":{"line":73,"column":8},"end":{"line":73,"column":54}},"35":{"start":{"line":78,"column":4},"end":{"line":84,"column":5}},"36":{"start":{"line":79,"column":21},"end":{"line":79,"column":29}},"37":{"start":{"line":80,"column":24},"end":{"line":80,"column":47}},"38":{"start":{"line":81,"column":8},"end":{"line":81,"column":38}},"39":{"start":{"line":83,"column":8},"end":{"line":83,"column":55}},"40":{"start":{"line":88,"column":4},"end":{"line":98,"column":5}},"41":{"start":{"line":89,"column":21},"end":{"line":89,"column":29}},"42":{"start":{"line":90,"column":19},"end":{"line":90,"column":42}},"43":{"start":{"line":91,"column":21},"end":{"line":91,"column":50}},"44":{"start":{"line":92,"column":23},"end":{"line":92,"column":46}},"45":{"start":{"line":93,"column":8},"end":{"line":93,"column":28}},"46":{"start":{"line":95,"column":8},"end":{"line":95,"column":37}},"47":{"start":{"line":97,"column":8},"end":{"line":97,"column":54}},"48":{"start":{"line":102,"column":4},"end":{"line":109,"column":5}},"49":{"start":{"line":103,"column":19},"end":{"line":103,"column":32}},"50":{"start":{"line":104,"column":21},"end":{"line":104,"column":50}},"51":{"start":{"line":105,"column":23},"end":{"line":105,"column":43}},"52":{"start":{"line":106,"column":8},"end":{"line":106,"column":36}},"53":{"start":{"line":108,"column":8},"end":{"line":108,"column":54}},"54":{"start":{"line":113,"column":0},"end":{"line":115,"column":1}}},"fnMap":{"0":{"name":"register","decl":{"start":{"line":5,"column":15},"end":{"line":5,"column":23}},"loc":{"start":{"line":5,"column":34},"end":{"line":15,"column":3}},"line":5},"1":{"name":"login","decl":{"start":{"line":17,"column":15},"end":{"line":17,"column":20}},"loc":{"start":{"line":17,"column":31},"end":{"line":45,"column":1}},"line":17},"2":{"name":"logout","decl":{"start":{"line":48,"column":15},"end":{"line":48,"column":21}},"loc":{"start":{"line":48,"column":32},"end":{"line":56,"column":1}},"line":48},"3":{"name":"index","decl":{"start":{"line":58,"column":15},"end":{"line":58,"column":20}},"loc":{"start":{"line":58,"column":31},"end":{"line":65,"column":1}},"line":58},"4":{"name":"show","decl":{"start":{"line":67,"column":15},"end":{"line":67,"column":19}},"loc":{"start":{"line":67,"column":28},"end":{"line":75,"column":1}},"line":67},"5":{"name":"create","decl":{"start":{"line":77,"column":15},"end":{"line":77,"column":21}},"loc":{"start":{"line":77,"column":33},"end":{"line":85,"column":1}},"line":77},"6":{"name":"update","decl":{"start":{"line":87,"column":15},"end":{"line":87,"column":21}},"loc":{"start":{"line":87,"column":33},"end":{"line":99,"column":1}},"line":87},"7":{"name":"destroy","decl":{"start":{"line":101,"column":15},"end":{"line":101,"column":22}},"loc":{"start":{"line":101,"column":34},"end":{"line":110,"column":1}},"line":101}},"branchMap":{"0":{"loc":{"start":{"line":29,"column":6},"end":{"line":38,"column":7}},"type":"if","locations":[{"start":{"line":29,"column":6},"end":{"line":38,"column":7}},{"start":{"line":31,"column":13},"end":{"line":38,"column":7}}],"line":29}},"s":{"0":1,"1":1,"2":1,"3":0,"4":0,"5":0,"6":0,"7":0,"8":0,"9":0,"10":0,"11":0,"12":0,"13":0,"14":0,"15":0,"16":0,"17":0,"18":0,"19":0,"20":0,"21":0,"22":0,"23":0,"24":0,"25":0,"26":0,"27":0,"28":0,"29":0,"30":0,"31":0,"32":0,"33":0,"34":0,"35":0,"36":0,"37":0,"38":0,"39":0,"40":0,"41":0,"42":0,"43":0,"44":0,"45":0,"46":0,"47":0,"48":0,"49":0,"50":0,"51":0,"52":0,"53":0,"54":1},"f":{"0":0,"1":0,"2":0,"3":0,"4":0,"5":0,"6":0,"7":0},"b":{"0":[0,0]},"_coverageSchema":"1a1c01bbd47fc00a2c39e90264f33305004495a9","hash":"ac4128656f61cb3a2d438869f63c2685dda08268"}
,"C:\\Users\\salim\\OneDrive\\Desktop\\liskov\\lap3\\lap3project\\pokedoro\\server\\database\\connect.js": {"path":"C:\\Users\\salim\\OneDrive\\Desktop\\liskov\\lap3\\lap3project\\pokedoro\\server\\database\\connect.js","statementMap":{"0":{"start":{"line":15,"column":17},"end":{"line":15,"column":30}},"1":{"start":{"line":17,"column":11},"end":{"line":19,"column":2}},"2":{"start":{"line":21,"column":0},"end":{"line":21,"column":41}},"3":{"start":{"line":23,"column":0},"end":{"line":23,"column":20}}},"fnMap":{},"branchMap":{},"s":{"0":1,"1":1,"2":1,"3":1},"f":{},"b":{},"_coverageSchema":"1a1c01bbd47fc00a2c39e90264f33305004495a9","hash":"d43d00169f4257d5916cf08ce0f6b5d98967981c"}
,"C:\\Users\\salim\\OneDrive\\Desktop\\liskov\\lap3\\lap3project\\pokedoro\\server\\middleware\\authenticator.js": {"path":"C:\\Users\\salim\\OneDrive\\Desktop\\liskov\\lap3\\lap3project\\pokedoro\\server\\middleware\\authenticator.js","statementMap":{"0":{"start":{"line":1,"column":14},"end":{"line":1,"column":40}},"1":{"start":{"line":5,"column":2},"end":{"line":24,"column":3}},"2":{"start":{"line":8,"column":22},"end":{"line":8,"column":50}},"3":{"start":{"line":11,"column":4},"end":{"line":21,"column":5}},"4":{"start":{"line":12,"column":6},"end":{"line":12,"column":49}},"5":{"start":{"line":15,"column":25},"end":{"line":15,"column":61}},"6":{"start":{"line":16,"column":6},"end":{"line":20,"column":7}},"7":{"start":{"line":17,"column":8},"end":{"line":17,"column":61}},"8":{"start":{"line":19,"column":8},"end":{"line":19,"column":15}},"9":{"start":{"line":23,"column":4},"end":{"line":23,"column":49}},"10":{"start":{"line":27,"column":0},"end":{"line":27,"column":31}}},"fnMap":{"0":{"name":"authenticator","decl":{"start":{"line":4,"column":15},"end":{"line":4,"column":28}},"loc":{"start":{"line":4,"column":45},"end":{"line":25,"column":1}},"line":4}},"branchMap":{"0":{"loc":{"start":{"line":11,"column":4},"end":{"line":21,"column":5}},"type":"if","locations":[{"start":{"line":11,"column":4},"end":{"line":21,"column":5}},{"start":{"line":13,"column":11},"end":{"line":21,"column":5}}],"line":11},"1":{"loc":{"start":{"line":16,"column":6},"end":{"line":20,"column":7}},"type":"if","locations":[{"start":{"line":16,"column":6},"end":{"line":20,"column":7}},{"start":{"line":18,"column":13},"end":{"line":20,"column":7}}],"line":16}},"s":{"0":1,"1":3,"2":3,"3":3,"4":0,"5":3,"6":3,"7":2,"8":1,"9":2,"10":1},"f":{"0":3},"b":{"0":[0,3],"1":[2,1]},"_coverageSchema":"1a1c01bbd47fc00a2c39e90264f33305004495a9","hash":"ad827a8d9dcb585a499e918b9fdbbcc686448374"}
,"C:\\Users\\salim\\OneDrive\\Desktop\\liskov\\lap3\\lap3project\\pokedoro\\server\\models\\Pokemon.js": {"path":"C:\\Users\\salim\\OneDrive\\Desktop\\liskov\\lap3\\lap3project\\pokedoro\\server\\models\\Pokemon.js","statementMap":{"0":{"start":{"line":1,"column":11},"end":{"line":1,"column":41}},"1":{"start":{"line":6,"column":8},"end":{"line":6,"column":29}},"2":{"start":{"line":7,"column":8},"end":{"line":7,"column":25}},"3":{"start":{"line":8,"column":8},"end":{"line":8,"column":28}},"4":{"start":{"line":9,"column":8},"end":{"line":9,"column":41}},"5":{"start":{"line":13,"column":21},"end":{"line":13,"column":80}},"6":{"start":{"line":14,"column":4},"end":{"line":16,"column":5}},"7":{"start":{"line":15,"column":8},"end":{"line":15,"column":44}},"8":{"start":{"line":17,"column":4},"end":{"line":17,"column":52}},"9":{"start":{"line":17,"column":34},"end":{"line":17,"column":50}},"10":{"start":{"line":22,"column":21},"end":{"line":22,"column":89}},"11":{"start":{"line":23,"column":4},"end":{"line":25,"column":5}},"12":{"start":{"line":24,"column":8},"end":{"line":24,"column":52}},"13":{"start":{"line":26,"column":4},"end":{"line":26,"column":38}},"14":{"start":{"line":30,"column":21},"end":{"line":30,"column":86}},"15":{"start":{"line":32,"column":4},"end":{"line":34,"column":5}},"16":{"start":{"line":33,"column":6},"end":{"line":33,"column":66}},"17":{"start":{"line":35,"column":4},"end":{"line":35,"column":38}},"18":{"start":{"line":41,"column":0},"end":{"line":41,"column":25}}},"fnMap":{"0":{"name":"(anonymous_0)","decl":{"start":{"line":5,"column":4},"end":{"line":5,"column":5}},"loc":{"start":{"line":5,"column":61},"end":{"line":10,"column":5}},"line":5},"1":{"name":"(anonymous_1)","decl":{"start":{"line":12,"column":0},"end":{"line":12,"column":1}},"loc":{"start":{"line":12,"column":22},"end":{"line":18,"column":5}},"line":12},"2":{"name":"(anonymous_2)","decl":{"start":{"line":17,"column":29},"end":{"line":17,"column":30}},"loc":{"start":{"line":17,"column":34},"end":{"line":17,"column":50}},"line":17},"3":{"name":"(anonymous_3)","decl":{"start":{"line":21,"column":0},"end":{"line":21,"column":1}},"loc":{"start":{"line":21,"column":35},"end":{"line":27,"column":1}},"line":21},"4":{"name":"(anonymous_4)","decl":{"start":{"line":29,"column":0},"end":{"line":29,"column":1}},"loc":{"start":{"line":29,"column":32},"end":{"line":36,"column":3}},"line":29}},"branchMap":{"0":{"loc":{"start":{"line":14,"column":4},"end":{"line":16,"column":5}},"type":"if","locations":[{"start":{"line":14,"column":4},"end":{"line":16,"column":5}},{"start":{},"end":{}}],"line":14},"1":{"loc":{"start":{"line":23,"column":4},"end":{"line":25,"column":5}},"type":"if","locations":[{"start":{"line":23,"column":4},"end":{"line":25,"column":5}},{"start":{},"end":{}}],"line":23},"2":{"loc":{"start":{"line":32,"column":4},"end":{"line":34,"column":5}},"type":"if","locations":[{"start":{"line":32,"column":4},"end":{"line":34,"column":5}},{"start":{},"end":{}}],"line":32}},"s":{"0":1,"1":0,"2":0,"3":0,"4":0,"5":0,"6":0,"7":0,"8":0,"9":0,"10":0,"11":0,"12":0,"13":0,"14":0,"15":0,"16":0,"17":0,"18":1},"f":{"0":0,"1":0,"2":0,"3":0,"4":0},"b":{"0":[0,0],"1":[0,0],"2":[0,0]},"_coverageSchema":"1a1c01bbd47fc00a2c39e90264f33305004495a9","hash":"6534fb6ab0fe6204fc661c6c64d5c1f6db9e346d"}
,"C:\\Users\\salim\\OneDrive\\Desktop\\liskov\\lap3\\lap3project\\pokedoro\\server\\models\\Token.js": {"path":"C:\\Users\\salim\\OneDrive\\Desktop\\liskov\\lap3\\lap3project\\pokedoro\\server\\models\\Token.js","statementMap":{"0":{"start":{"line":2,"column":23},"end":{"line":2,"column":38}},"1":{"start":{"line":4,"column":11},"end":{"line":4,"column":41}},"2":{"start":{"line":8,"column":4},"end":{"line":8,"column":29}},"3":{"start":{"line":9,"column":4},"end":{"line":9,"column":29}},"4":{"start":{"line":10,"column":4},"end":{"line":10,"column":23}},"5":{"start":{"line":15,"column":18},"end":{"line":15,"column":26}},"6":{"start":{"line":17,"column":21},"end":{"line":20,"column":5}},"7":{"start":{"line":22,"column":18},"end":{"line":22,"column":43}},"8":{"start":{"line":23,"column":21},"end":{"line":23,"column":50}},"9":{"start":{"line":25,"column":4},"end":{"line":25,"column":20}},"10":{"start":{"line":29,"column":21},"end":{"line":31,"column":6}},"11":{"start":{"line":32,"column":4},"end":{"line":36,"column":5}},"12":{"start":{"line":33,"column":6},"end":{"line":33,"column":49}},"13":{"start":{"line":35,"column":6},"end":{"line":35,"column":41}},"14":{"start":{"line":40,"column":21},"end":{"line":42,"column":6}},"15":{"start":{"line":43,"column":4},"end":{"line":47,"column":5}},"16":{"start":{"line":44,"column":6},"end":{"line":44,"column":49}},"17":{"start":{"line":46,"column":6},"end":{"line":46,"column":41}},"18":{"start":{"line":51,"column":21},"end":{"line":53,"column":6}},"19":{"start":{"line":54,"column":4},"end":{"line":58,"column":5}},"20":{"start":{"line":55,"column":6},"end":{"line":55,"column":49}},"21":{"start":{"line":57,"column":6},"end":{"line":57,"column":29}},"22":{"start":{"line":62,"column":0},"end":{"line":62,"column":23}}},"fnMap":{"0":{"name":"(anonymous_0)","decl":{"start":{"line":7,"column":2},"end":{"line":7,"column":3}},"loc":{"start":{"line":7,"column":45},"end":{"line":11,"column":3}},"line":7},"1":{"name":"(anonymous_1)","decl":{"start":{"line":13,"column":2},"end":{"line":13,"column":3}},"loc":{"start":{"line":13,"column":32},"end":{"line":26,"column":3}},"line":13},"2":{"name":"(anonymous_2)","decl":{"start":{"line":28,"column":2},"end":{"line":28,"column":3}},"loc":{"start":{"line":28,"column":30},"end":{"line":37,"column":3}},"line":28},"3":{"name":"(anonymous_3)","decl":{"start":{"line":39,"column":2},"end":{"line":39,"column":3}},"loc":{"start":{"line":39,"column":36},"end":{"line":48,"column":3}},"line":39},"4":{"name":"(anonymous_4)","decl":{"start":{"line":50,"column":2},"end":{"line":50,"column":3}},"loc":{"start":{"line":50,"column":34},"end":{"line":59,"column":3}},"line":50}},"branchMap":{"0":{"loc":{"start":{"line":32,"column":4},"end":{"line":36,"column":5}},"type":"if","locations":[{"start":{"line":32,"column":4},"end":{"line":36,"column":5}},{"start":{"line":34,"column":11},"end":{"line":36,"column":5}}],"line":32},"1":{"loc":{"start":{"line":43,"column":4},"end":{"line":47,"column":5}},"type":"if","locations":[{"start":{"line":43,"column":4},"end":{"line":47,"column":5}},{"start":{"line":45,"column":11},"end":{"line":47,"column":5}}],"line":43},"2":{"loc":{"start":{"line":54,"column":4},"end":{"line":58,"column":5}},"type":"if","locations":[{"start":{"line":54,"column":4},"end":{"line":58,"column":5}},{"start":{"line":56,"column":11},"end":{"line":58,"column":5}}],"line":54}},"s":{"0":1,"1":1,"2":0,"3":0,"4":0,"5":0,"6":0,"7":0,"8":0,"9":0,"10":0,"11":0,"12":0,"13":0,"14":0,"15":0,"16":0,"17":0,"18":0,"19":0,"20":0,"21":0,"22":1},"f":{"0":0,"1":0,"2":0,"3":0,"4":0},"b":{"0":[0,0],"1":[0,0],"2":[0,0]},"_coverageSchema":"1a1c01bbd47fc00a2c39e90264f33305004495a9","hash":"a37ec63b6193b8a0d43765a2ed481aba5aaae4ed"}
,"C:\\Users\\salim\\OneDrive\\Desktop\\liskov\\lap3\\lap3project\\pokedoro\\server\\models\\User.js": {"path":"C:\\Users\\salim\\OneDrive\\Desktop\\liskov\\lap3\\lap3project\\pokedoro\\server\\models\\User.js","statementMap":{"0":{"start":{"line":2,"column":11},"end":{"line":2,"column":41}},"1":{"start":{"line":7,"column":8},"end":{"line":7,"column":27}},"2":{"start":{"line":8,"column":8},"end":{"line":8,"column":33}},"3":{"start":{"line":9,"column":8},"end":{"line":9,"column":34}},"4":{"start":{"line":10,"column":8},"end":{"line":10,"column":41}},"5":{"start":{"line":15,"column":25},"end":{"line":15,"column":80}},"6":{"start":{"line":16,"column":8},"end":{"line":18,"column":9}},"7":{"start":{"line":17,"column":12},"end":{"line":17,"column":46}},"8":{"start":{"line":19,"column":8},"end":{"line":19,"column":51}},"9":{"start":{"line":19,"column":38},"end":{"line":19,"column":49}},"10":{"start":{"line":23,"column":25},"end":{"line":23,"column":89}},"11":{"start":{"line":24,"column":8},"end":{"line":26,"column":9}},"12":{"start":{"line":25,"column":12},"end":{"line":25,"column":54}},"13":{"start":{"line":27,"column":8},"end":{"line":27,"column":42}},"14":{"start":{"line":31,"column":25},"end":{"line":31,"column":98}},"15":{"start":{"line":33,"column":8},"end":{"line":35,"column":9}},"16":{"start":{"line":34,"column":10},"end":{"line":34,"column":71}},"17":{"start":{"line":36,"column":8},"end":{"line":36,"column":42}},"18":{"start":{"line":40,"column":54},"end":{"line":40,"column":58}},"19":{"start":{"line":41,"column":25},"end":{"line":41,"column":156}},"20":{"start":{"line":42,"column":23},"end":{"line":42,"column":48}},"21":{"start":{"line":43,"column":24},"end":{"line":43,"column":57}},"22":{"start":{"line":44,"column":8},"end":{"line":44,"column":22}},"23":{"start":{"line":48,"column":54},"end":{"line":48,"column":58}},"24":{"start":{"line":49,"column":25},"end":{"line":49,"column":189}},"25":{"start":{"line":50,"column":23},"end":{"line":50,"column":48}},"26":{"start":{"line":51,"column":24},"end":{"line":51,"column":57}},"27":{"start":{"line":52,"column":8},"end":{"line":52,"column":22}},"28":{"start":{"line":56,"column":25},"end":{"line":56,"column":104}},"29":{"start":{"line":57,"column":8},"end":{"line":59,"column":9}},"30":{"start":{"line":58,"column":12},"end":{"line":58,"column":53}},"31":{"start":{"line":60,"column":8},"end":{"line":60,"column":42}},"32":{"start":{"line":65,"column":0},"end":{"line":65,"column":22}}},"fnMap":{"0":{"name":"(anonymous_0)","decl":{"start":{"line":6,"column":4},"end":{"line":6,"column":5}},"loc":{"start":{"line":6,"column":66},"end":{"line":12,"column":5}},"line":6},"1":{"name":"(anonymous_1)","decl":{"start":{"line":14,"column":4},"end":{"line":14,"column":5}},"loc":{"start":{"line":14,"column":26},"end":{"line":20,"column":5}},"line":14},"2":{"name":"(anonymous_2)","decl":{"start":{"line":19,"column":33},"end":{"line":19,"column":34}},"loc":{"start":{"line":19,"column":38},"end":{"line":19,"column":49}},"line":19},"3":{"name":"(anonymous_3)","decl":{"start":{"line":22,"column":4},"end":{"line":22,"column":5}},"loc":{"start":{"line":22,"column":36},"end":{"line":28,"column":5}},"line":22},"4":{"name":"(anonymous_4)","decl":{"start":{"line":30,"column":4},"end":{"line":30,"column":5}},"loc":{"start":{"line":30,"column":44},"end":{"line":37,"column":7}},"line":30},"5":{"name":"(anonymous_5)","decl":{"start":{"line":39,"column":4},"end":{"line":39,"column":5}},"loc":{"start":{"line":39,"column":30},"end":{"line":45,"column":5}},"line":39},"6":{"name":"(anonymous_6)","decl":{"start":{"line":47,"column":4},"end":{"line":47,"column":5}},"loc":{"start":{"line":47,"column":23},"end":{"line":53,"column":5}},"line":47},"7":{"name":"(anonymous_7)","decl":{"start":{"line":55,"column":4},"end":{"line":55,"column":5}},"loc":{"start":{"line":55,"column":20},"end":{"line":61,"column":5}},"line":55}},"branchMap":{"0":{"loc":{"start":{"line":16,"column":8},"end":{"line":18,"column":9}},"type":"if","locations":[{"start":{"line":16,"column":8},"end":{"line":18,"column":9}},{"start":{},"end":{}}],"line":16},"1":{"loc":{"start":{"line":24,"column":8},"end":{"line":26,"column":9}},"type":"if","locations":[{"start":{"line":24,"column":8},"end":{"line":26,"column":9}},{"start":{},"end":{}}],"line":24},"2":{"loc":{"start":{"line":33,"column":8},"end":{"line":35,"column":9}},"type":"if","locations":[{"start":{"line":33,"column":8},"end":{"line":35,"column":9}},{"start":{},"end":{}}],"line":33},"3":{"loc":{"start":{"line":57,"column":8},"end":{"line":59,"column":9}},"type":"if","locations":[{"start":{"line":57,"column":8},"end":{"line":59,"column":9}},{"start":{},"end":{}}],"line":57}},"s":{"0":1,"1":0,"2":0,"3":0,"4":0,"5":0,"6":0,"7":0,"8":0,"9":0,"10":0,"11":0,"12":0,"13":0,"14":0,"15":0,"16":0,"17":0,"18":0,"19":0,"20":0,"21":0,"22":0,"23":0,"24":0,"25":0,"26":0,"27":0,"28":0,"29":0,"30":0,"31":0,"32":1},"f":{"0":0,"1":0,"2":0,"3":0,"4":0,"5":0,"6":0,"7":0},"b":{"0":[0,0],"1":[0,0],"2":[0,0],"3":[0,0]},"_coverageSchema":"1a1c01bbd47fc00a2c39e90264f33305004495a9","hash":"47349d49b6cf9c17fba5d106469f8515b97153c2"}
,"C:\\Users\\salim\\OneDrive\\Desktop\\liskov\\lap3\\lap3project\\pokedoro\\server\\routes\\user.js": {"path":"C:\\Users\\salim\\OneDrive\\Desktop\\liskov\\lap3\\lap3project\\pokedoro\\server\\routes\\user.js","statementMap":{"0":{"start":{"line":1,"column":19},"end":{"line":1,"column":37}},"1":{"start":{"line":3,"column":23},"end":{"line":3,"column":53}},"2":{"start":{"line":5,"column":22},"end":{"line":5,"column":60}},"3":{"start":{"line":7,"column":19},"end":{"line":7,"column":27}},"4":{"start":{"line":9,"column":0},"end":{"line":9,"column":54}},"5":{"start":{"line":11,"column":0},"end":{"line":11,"column":48}},"6":{"start":{"line":13,"column":0},"end":{"line":13,"column":52}},"7":{"start":{"line":15,"column":0},"end":{"line":15,"column":42}},"8":{"start":{"line":17,"column":0},"end":{"line":17,"column":44}},"9":{"start":{"line":19,"column":0},"end":{"line":19,"column":44}},"10":{"start":{"line":21,"column":0},"end":{"line":21,"column":48}},"11":{"start":{"line":23,"column":0},"end":{"line":23,"column":50}},"12":{"start":{"line":25,"column":0},"end":{"line":25,"column":28}}},"fnMap":{},"branchMap":{},"s":{"0":1,"1":1,"2":1,"3":1,"4":1,"5":1,"6":1,"7":1,"8":1,"9":1,"10":1,"11":1,"12":1},"f":{},"b":{},"_coverageSchema":"1a1c01bbd47fc00a2c39e90264f33305004495a9","hash":"51bd68e38f032e71c5a8d8e0134de607d5ab7fa1"}
}
