TN:
SF:app.js
FN:14,(anonymous_0)
FNF:1
FNH:0
FNDA:0,(anonymous_0)
DA:1,1
DA:2,1
DA:3,1
DA:5,1
DA:7,1
DA:9,1
DA:10,1
DA:11,1
DA:14,1
DA:15,0
DA:22,1
DA:26,1
LF:12
LH:11
BRF:0
BRH:0
end_of_record
TN:
SF:controllers\user.js
FN:5,register
FN:17,login
FN:48,logout
FN:58,index
FN:67,show
FN:77,create
FN:87,update
FN:101,destroy
FNF:8
FNH:0
FNDA:0,register
FNDA:0,login
FNDA:0,logout
FNDA:0,index
FNDA:0,show
FNDA:0,create
FNDA:0,update
FNDA:0,destroy
DA:1,1
DA:2,1
DA:3,1
DA:6,0
DA:7,0
DA:8,0
DA:9,0
DA:10,0
DA:11,0
DA:13,0
DA:18,0
DA:19,0
DA:20,0
DA:22,0
DA:24,0
DA:29,0
DA:30,0
DA:33,0
DA:36,0
DA:40,0
DA:43,0
DA:49,0
DA:50,0
DA:51,0
DA:52,0
DA:54,0
DA:59,0
DA:60,0
DA:61,0
DA:63,0
DA:68,0
DA:69,0
DA:70,0
DA:71,0
DA:73,0
DA:78,0
DA:79,0
DA:80,0
DA:81,0
DA:83,0
DA:88,0
DA:89,0
DA:90,0
DA:91,0
DA:92,0
DA:93,0
DA:95,0
DA:97,0
DA:102,0
DA:103,0
DA:104,0
DA:105,0
DA:106,0
DA:108,0
DA:113,1
LF:55
LH:4
BRDA:29,0,0,0
BRDA:29,0,1,0
BRF:2
BRH:0
end_of_record
TN:
SF:database\connect.js
FNF:0
FNH:0
DA:15,1
DA:17,1
DA:21,1
DA:23,1
LF:4
LH:4
BRF:0
BRH:0
end_of_record
TN:
SF:middleware\authenticator.js
FN:4,authenticator
FNF:1
FNH:1
FNDA:3,authenticator
DA:1,1
DA:5,3
DA:8,3
DA:11,3
DA:12,0
DA:15,3
DA:16,3
DA:17,2
DA:19,1
DA:23,2
DA:27,1
LF:11
LH:10
BRDA:11,0,0,0
BRDA:11,0,1,3
BRDA:16,1,0,2
BRDA:16,1,1,1
BRF:4
BRH:3
end_of_record
TN:
SF:models\Pokemon.js
FN:5,(anonymous_0)
FN:12,(anonymous_1)
FN:17,(anonymous_2)
FN:21,(anonymous_3)
FN:29,(anonymous_4)
FNF:5
FNH:0
FNDA:0,(anonymous_0)
FNDA:0,(anonymous_1)
FNDA:0,(anonymous_2)
FNDA:0,(anonymous_3)
FNDA:0,(anonymous_4)
DA:1,1
DA:6,0
DA:7,0
DA:8,0
DA:9,0
DA:13,0
DA:14,0
DA:15,0
DA:17,0
DA:22,0
DA:23,0
DA:24,0
DA:26,0
DA:30,0
DA:32,0
DA:33,0
DA:35,0
DA:41,1
LF:18
LH:2
BRDA:14,0,0,0
BRDA:14,0,1,0
BRDA:23,1,0,0
BRDA:23,1,1,0
BRDA:32,2,0,0
BRDA:32,2,1,0
BRF:6
BRH:0
end_of_record
TN:
SF:models\Token.js
FN:7,(anonymous_0)
FN:13,(anonymous_1)
FN:28,(anonymous_2)
FN:39,(anonymous_3)
FN:50,(anonymous_4)
FNF:5
FNH:0
FNDA:0,(anonymous_0)
FNDA:0,(anonymous_1)
FNDA:0,(anonymous_2)
FNDA:0,(anonymous_3)
FNDA:0,(anonymous_4)
DA:2,1
DA:4,1
DA:8,0
DA:9,0
DA:10,0
DA:15,0
DA:17,0
DA:22,0
DA:23,0
DA:25,0
DA:29,0
DA:32,0
DA:33,0
DA:35,0
DA:40,0
DA:43,0
DA:44,0
DA:46,0
DA:51,0
DA:54,0
DA:55,0
DA:57,0
DA:62,1
LF:23
LH:3
BRDA:32,0,0,0
BRDA:32,0,1,0
BRDA:43,1,0,0
BRDA:43,1,1,0
BRDA:54,2,0,0
BRDA:54,2,1,0
BRF:6
BRH:0
end_of_record
TN:
SF:models\User.js
FN:6,(anonymous_0)
FN:14,(anonymous_1)
FN:19,(anonymous_2)
FN:22,(anonymous_3)
FN:30,(anonymous_4)
FN:39,(anonymous_5)
FN:47,(anonymous_6)
FN:55,(anonymous_7)
FNF:8
FNH:0
FNDA:0,(anonymous_0)
FNDA:0,(anonymous_1)
FNDA:0,(anonymous_2)
FNDA:0,(anonymous_3)
FNDA:0,(anonymous_4)
FNDA:0,(anonymous_5)
FNDA:0,(anonymous_6)
FNDA:0,(anonymous_7)
DA:2,1
DA:7,0
DA:8,0
DA:9,0
DA:10,0
DA:15,0
DA:16,0
DA:17,0
DA:19,0
DA:23,0
DA:24,0
DA:25,0
DA:27,0
DA:31,0
DA:33,0
DA:34,0
DA:36,0
DA:40,0
DA:41,0
DA:42,0
DA:43,0
DA:44,0
DA:48,0
DA:49,0
DA:50,0
DA:51,0
DA:52,0
DA:56,0
DA:57,0
DA:58,0
DA:60,0
DA:65,1
LF:32
LH:2
BRDA:16,0,0,0
BRDA:16,0,1,0
BRDA:24,1,0,0
BRDA:24,1,1,0
BRDA:33,2,0,0
BRDA:33,2,1,0
BRDA:57,3,0,0
BRDA:57,3,1,0
BRF:8
BRH:0
end_of_record
TN:
SF:routes\user.js
FNF:0
FNH:0
DA:1,1
DA:3,1
DA:5,1
DA:7,1
DA:9,1
DA:11,1
DA:13,1
DA:15,1
DA:17,1
DA:19,1
DA:21,1
DA:23,1
DA:25,1
LF:13
LH:13
BRF:0
BRH:0
end_of_record
