TN:
SF:app.js
FN:15,(anonymous_0)
FNF:1
FNH:0
FNDA:0,(anonymous_0)
DA:1,1
DA:2,1
DA:3,1
DA:5,1
DA:7,1
DA:8,1
DA:10,1
DA:11,1
DA:12,1
DA:15,1
DA:16,0
DA:23,1
DA:25,1
DA:29,1
LF:14
LH:13
BRF:0
BRH:0
end_of_record
TN:
SF:controllers\pokemon.js
FN:3,index
FN:12,getById
FN:22,getByName
FN:32,update
FNF:4
FNH:2
FNDA:1,index
FNDA:1,getById
FNDA:0,getByName
FNDA:0,update
DA:1,2
DA:4,1
DA:5,1
DA:6,1
DA:8,0
DA:13,1
DA:14,1
DA:15,1
DA:16,1
DA:18,0
DA:23,0
DA:24,0
DA:25,0
DA:26,0
DA:28,0
DA:33,0
DA:34,0
DA:35,0
DA:36,0
DA:37,0
DA:39,0
DA:41,0
DA:45,2
LF:23
LH:9
BRF:0
BRH:0
end_of_record
TN:
SF:controllers\user.js
FN:5,register
FN:17,login
FN:48,logout
FN:58,index
FN:67,show
FN:77,create
FN:87,update
FN:101,destroy
FNF:8
FNH:5
FNDA:1,register
FNDA:0,login
FNDA:0,logout
FNDA:1,index
FNDA:1,show
FNDA:1,create
FNDA:0,update
FNDA:1,destroy
DA:1,2
DA:2,2
DA:3,2
DA:6,1
DA:7,1
DA:8,1
DA:9,1
DA:10,1
DA:11,1
DA:13,0
DA:18,0
DA:19,0
DA:20,0
DA:22,0
DA:24,0
DA:29,0
DA:30,0
DA:33,0
DA:36,0
DA:40,0
DA:43,0
DA:49,0
DA:50,0
DA:51,0
DA:52,0
DA:54,0
DA:59,1
DA:60,1
DA:61,1
DA:63,0
DA:68,1
DA:69,1
DA:70,1
DA:71,0
DA:73,1
DA:78,1
DA:79,1
DA:80,1
DA:81,1
DA:83,0
DA:88,0
DA:89,0
DA:90,0
DA:91,0
DA:92,0
DA:93,0
DA:95,0
DA:97,0
DA:102,1
DA:103,1
DA:104,1
DA:105,0
DA:106,0
DA:108,1
DA:113,2
LF:55
LH:25
BRDA:29,0,0,0
BRDA:29,0,1,0
BRF:2
BRH:0
end_of_record
TN:
SF:database\connect.js
FNF:0
FNH:0
DA:1,7
DA:4,7
DA:5,7
DA:6,7
DA:10,0
DA:16,7
DA:18,7
LF:7
LH:6
BRDA:4,0,0,7
BRDA:4,0,1,0
BRF:2
BRH:1
end_of_record
TN:
SF:database\setup-test-db.js
FN:3,(anonymous_0)
FN:14,(anonymous_1)
FN:20,(anonymous_2)
FNF:3
FNH:1
FNDA:0,(anonymous_0)
FNDA:0,(anonymous_1)
FNDA:1,(anonymous_2)
DA:1,1
DA:3,1
DA:4,0
DA:14,1
DA:15,0
DA:20,1
DA:21,1
DA:24,1
LF:8
LH:6
BRF:0
BRH:0
end_of_record
TN:
SF:middleware\authenticator.js
FN:4,authenticator
FNF:1
FNH:1
FNDA:3,authenticator
DA:1,1
DA:5,3
DA:8,3
DA:11,3
DA:12,0
DA:15,3
DA:16,3
DA:17,2
DA:19,1
DA:23,2
DA:27,1
LF:11
LH:10
BRDA:11,0,0,0
BRDA:11,0,1,3
BRDA:16,1,0,2
BRDA:16,1,1,1
BRF:4
BRH:3
end_of_record
TN:
SF:models\Pokemon.js
FN:4,(anonymous_0)
FN:12,(anonymous_1)
FN:19,(anonymous_2)
FN:22,(anonymous_3)
FN:34,(anonymous_4)
FNF:5
FNH:5
FNDA:8,(anonymous_0)
FNDA:2,(anonymous_1)
FNDA:3,(anonymous_2)
FNDA:3,(anonymous_3)
FNDA:1,(anonymous_4)
DA:1,3
DA:5,8
DA:6,8
DA:7,8
DA:8,8
DA:9,8
DA:13,2
DA:16,2
DA:17,1
DA:19,3
DA:23,3
DA:27,3
DA:28,1
DA:30,2
DA:35,1
DA:36,1
DA:40,1
DA:41,1
DA:42,1
DA:47,3
LF:20
LH:20
BRDA:16,0,0,1
BRDA:16,0,1,1
BRDA:27,1,0,1
BRDA:27,1,1,2
BRF:4
BRH:4
end_of_record
TN:
SF:models\Token.js
FN:7,(anonymous_0)
FN:13,(anonymous_1)
FN:28,(anonymous_2)
FN:39,(anonymous_3)
FN:50,(anonymous_4)
FNF:5
FNH:5
FNDA:3,(anonymous_0)
FNDA:1,(anonymous_1)
FNDA:2,(anonymous_2)
FNDA:1,(anonymous_3)
FNDA:1,(anonymous_4)
DA:2,3
DA:4,3
DA:8,3
DA:9,3
DA:10,3
DA:15,1
DA:17,1
DA:22,1
DA:23,1
DA:25,1
DA:29,2
DA:32,2
DA:33,0
DA:35,2
DA:40,1
DA:43,1
DA:44,0
DA:46,1
DA:51,1
DA:54,1
DA:55,0
DA:57,1
DA:62,3
LF:23
LH:20
BRDA:32,0,0,0
BRDA:32,0,1,2
BRDA:43,1,0,0
BRDA:43,1,1,1
BRDA:54,2,0,0
BRDA:54,2,1,1
BRF:6
BRH:3
end_of_record
TN:
SF:models\User.js
FN:6,(anonymous_0)
FN:14,(anonymous_1)
FN:19,(anonymous_2)
FN:22,(anonymous_3)
FN:30,(anonymous_4)
FN:39,(anonymous_5)
FN:47,(anonymous_6)
FN:55,(anonymous_7)
FNF:8
FNH:4
FNDA:7,(anonymous_0)
FNDA:0,(anonymous_1)
FNDA:0,(anonymous_2)
FNDA:4,(anonymous_3)
FNDA:1,(anonymous_4)
FNDA:1,(anonymous_5)
FNDA:0,(anonymous_6)
FNDA:0,(anonymous_7)
DA:2,3
DA:7,7
DA:8,7
DA:9,7
DA:10,7
DA:15,0
DA:16,0
DA:17,0
DA:19,0
DA:23,4
DA:24,2
DA:25,0
DA:27,2
DA:31,1
DA:33,1
DA:34,0
DA:36,1
DA:40,1
DA:41,1
DA:42,1
DA:43,1
DA:44,1
DA:48,0
DA:49,0
DA:50,0
DA:51,0
DA:52,0
DA:56,0
DA:57,0
DA:58,0
DA:60,0
DA:65,3
LF:32
LH:17
BRDA:16,0,0,0
BRDA:16,0,1,0
BRDA:24,1,0,0
BRDA:24,1,1,2
BRDA:33,2,0,0
BRDA:33,2,1,1
BRDA:57,3,0,0
BRDA:57,3,1,0
BRF:8
BRH:2
end_of_record
TN:
SF:routes\pokemon.js
FNF:0
FNH:0
DA:1,1
DA:3,1
DA:5,1
DA:7,1
DA:9,1
DA:11,1
DA:15,1
LF:7
LH:7
BRF:0
BRH:0
end_of_record
TN:
SF:routes\user.js
FNF:0
FNH:0
DA:1,1
DA:3,1
DA:5,1
DA:7,1
DA:9,1
DA:11,1
DA:13,1
DA:15,1
DA:17,1
DA:19,1
DA:21,1
DA:23,1
DA:25,1
LF:13
LH:13
BRF:0
BRH:0
end_of_record
